<?xml version="1.0" encoding="UTF-8"?>
<!-- Generated by org.testng.reporters.JUnitReportReporter -->
<testsuite hostname="Sanjays-MacBook-Air.local" failures="0" tests="3" name="com.automationTalks.demoProject1.TestClass1" time="95.932" errors="0" timestamp="2024-07-30T13:06:07 IST" skipped="0">
  <testcase classname="com.automationTalks.demoProject1.TestClass1" name="test1" time="25.982"/>
  <system-out/>
  <testcase classname="com.automationTalks.demoProject1.TestClass1" name="test3" time="34.526"/>
  <system-out/>
  <testcase classname="com.automationTalks.demoProject1.TestClass1" name="test2" time="35.424"/>
  <system-out/>
</testsuite> <!-- com.automationTalks.demoProject1.TestClass1 -->
