<?xml version="1.0" encoding="UTF-8"?>
<!-- Generated by org.testng.reporters.JUnitReportReporter -->
<testsuite hostname="Sanjays-MacBook-Air.local" failures="0" tests="3" name="com.automationTalks.demoProject1.TestClass1" time="104.276" errors="0" timestamp="2024-07-30T13:25:28 IST" skipped="0">
  <testcase classname="com.automationTalks.demoProject1.TestClass1" name="test2" time="36.647"/>
  <testcase classname="com.automationTalks.demoProject1.TestClass1" name="test3" time="38.159"/>
  <testcase classname="com.automationTalks.demoProject1.TestClass1" name="test1" time="29.470"/>
</testsuite> <!-- com.automationTalks.demoProject1.TestClass1 -->
